# JRE version: Java(TM) SE Runtime Environment (8.0_40-b27) (build 1.8.0_40-b27)
# Java VM: Java HotSpot(TM) 64-Bit Server VM (25.40-b25 mixed mode bsd-amd64 compressed oops)
Heap:
 PSYoungGen      total 130560K, used 86822K [0x00000007aab00000, 0x00000007b3f00000, 0x00000007c0000000)
  eden space 112640K, 64% used [0x00000007aab00000,0x00000007af22ccb0,0x00000007b1900000)
  from space 17920K, 77% used [0x00000007b2d00000,0x00000007b3a9ccd0,0x00000007b3e80000)
  to   space 19456K, 0% used [0x00000007b1900000,0x00000007b1900000,0x00000007b2c00000)
 ParOldGen       total 76288K, used 33668K [0x0000000780000000, 0x0000000784a80000, 0x00000007aab00000)
  object space 76288K, 44% used [0x0000000780000000,0x00000007820e1090,0x0000000784a80000)
 Metaspace       used 34125K, capacity 35820K, committed 35968K, reserved 1081344K
  class space    used 4632K, capacity 4944K, committed 4992K, reserved 1048576K
GC Heap History (10 events):
Event: 18.845 GC heap before
{Heap before GC invocations=8 (full 1):
 PSYoungGen      total 58880K, used 58718K [0x00000007aab00000, 0x00000007af580000, 0x00000007c0000000)
  eden space 54784K, 100% used [0x00000007aab00000,0x00000007ae080000,0x00000007ae080000)
  from space 4096K, 96% used [0x00000007af180000,0x00000007af557a10,0x00000007af580000)
  to   space 6144K, 0% used [0x00000007ae980000,0x00000007ae980000,0x00000007aef80000)
 ParOldGen       total 33280K, used 6858K [0x0000000780000000, 0x0000000782080000, 0x00000007aab00000)
  object space 33280K, 20% used [0x0000000780000000,0x00000007806b2ae0,0x0000000782080000)
 Metaspace       used 28529K, capacity 29928K, committed 30080K, reserved 1075200K
  class space    used 4067K, capacity 4356K, committed 4480K, reserved 1048576K
Event: 19.027 GC heap after
Heap after GC invocations=8 (full 1):
 PSYoungGen      total 70144K, used 6142K [0x00000007aab00000, 0x00000007b1f80000, 0x00000007c0000000)
  eden space 64000K, 0% used [0x00000007aab00000,0x00000007aab00000,0x00000007ae980000)
  from space 6144K, 99% used [0x00000007ae980000,0x00000007aef7fa30,0x00000007aef80000)
  to   space 12288K, 0% used [0x00000007b1380000,0x00000007b1380000,0x00000007b1f80000)
 ParOldGen       total 33280K, used 16800K [0x0000000780000000, 0x0000000782080000, 0x00000007aab00000)
  object space 33280K, 50% used [0x0000000780000000,0x0000000781068250,0x0000000782080000)
 Metaspace       used 28529K, capacity 29928K, committed 30080K, reserved 1075200K
  class space    used 4067K, capacity 4356K, committed 4480K, reserved 1048576K
}
Event: 53.081 GC heap before
{Heap before GC invocations=9 (full 1):
 PSYoungGen      total 70144K, used 70142K [0x00000007aab00000, 0x00000007b1f80000, 0x00000007c0000000)
  eden space 64000K, 100% used [0x00000007aab00000,0x00000007ae980000,0x00000007ae980000)
  from space 6144K, 99% used [0x00000007ae980000,0x00000007aef7fa30,0x00000007aef80000)
  to   space 12288K, 0% used [0x00000007b1380000,0x00000007b1380000,0x00000007b1f80000)
 ParOldGen       total 33280K, used 16800K [0x0000000780000000, 0x0000000782080000, 0x00000007aab00000)
  object space 33280K, 50% used [0x0000000780000000,0x0000000781068250,0x0000000782080000)
 Metaspace       used 30291K, capacity 31824K, committed 32000K, reserved 1077248K
  class space    used 4227K, capacity 4552K, committed 4608K, reserved 1048576K
Event: 54.050 GC heap after
Heap after GC invocations=9 (full 1):
 PSYoungGen      total 101376K, used 12261K [0x00000007aab00000, 0x00000007b3a80000, 0x00000007c0000000)
  eden space 89088K, 0% used [0x00000007aab00000,0x00000007aab00000,0x00000007b0200000)
  from space 12288K, 99% used [0x00000007b1380000,0x00000007b1f795b0,0x00000007b1f80000)
  to   space 17920K, 0% used [0x00000007b0200000,0x00000007b0200000,0x00000007b1380000)
 ParOldGen       total 33280K, used 25210K [0x0000000780000000, 0x0000000782080000, 0x00000007aab00000)
  object space 33280K, 75% used [0x0000000780000000,0x000000078189e908,0x0000000782080000)
 Metaspace       used 30291K, capacity 31824K, committed 32000K, reserved 1077248K
  class space    used 4227K, capacity 4552K, committed 4608K, reserved 1048576K
}
Event: 54.051 GC heap before
{Heap before GC invocations=10 (full 2):
 PSYoungGen      total 101376K, used 12261K [0x00000007aab00000, 0x00000007b3a80000, 0x00000007c0000000)
  eden space 89088K, 0% used [0x00000007aab00000,0x00000007aab00000,0x00000007b0200000)
  from space 12288K, 99% used [0x00000007b1380000,0x00000007b1f795b0,0x00000007b1f80000)
  to   space 17920K, 0% used [0x00000007b0200000,0x00000007b0200000,0x00000007b1380000)
 ParOldGen       total 33280K, used 25210K [0x0000000780000000, 0x0000000782080000, 0x00000007aab00000)
  object space 33280K, 75% used [0x0000000780000000,0x000000078189e908,0x0000000782080000)
 Metaspace       used 30291K, capacity 31824K, committed 32000K, reserved 1077248K
  class space    used 4227K, capacity 4552K, committed 4608K, reserved 1048576K
Event: 55.552 GC heap after
Heap after GC invocations=10 (full 2):
 PSYoungGen      total 101376K, used 1869K [0x00000007aab00000, 0x00000007b3a80000, 0x00000007c0000000)
  eden space 89088K, 0% used [0x00000007aab00000,0x00000007aab00000,0x00000007b0200000)
  from space 12288K, 15% used [0x00000007b1380000,0x00000007b1553658,0x00000007b1f80000)
  to   space 17920K, 0% used [0x00000007b0200000,0x00000007b0200000,0x00000007b1380000)
 ParOldGen       total 76288K, used 33227K [0x0000000780000000, 0x0000000784a80000, 0x00000007aab00000)
  object space 76288K, 43% used [0x0000000780000000,0x0000000782072f90,0x0000000784a80000)
 Metaspace       used 30291K, capacity 31824K, committed 32000K, reserved 1077248K
  class space    used 4227K, capacity 4552K, committed 4608K, reserved 1048576K
}
Event: 90.160 GC heap before
{Heap before GC invocations=11 (full 2):
 PSYoungGen      total 101376K, used 90926K [0x00000007aab00000, 0x00000007b3a80000, 0x00000007c0000000)
  eden space 89088K, 99% used [0x00000007aab00000,0x00000007b01f8530,0x00000007b0200000)
  from space 12288K, 15% used [0x00000007b1380000,0x00000007b1553658,0x00000007b1f80000)
  to   space 17920K, 0% used [0x00000007b0200000,0x00000007b0200000,0x00000007b1380000)
 ParOldGen       total 76288K, used 33227K [0x0000000780000000, 0x0000000784a80000, 0x00000007aab00000)
  object space 76288K, 43% used [0x0000000780000000,0x0000000782072f90,0x0000000784a80000)
 Metaspace       used 32922K, capacity 34566K, committed 34688K, reserved 1079296K
  class space    used 4573K, capacity 4881K, committed 4992K, reserved 1048576K
Event: 90.394 GC heap after
Heap after GC invocations=11 (full 2):
 PSYoungGen      total 107008K, used 10985K [0x00000007aab00000, 0x00000007b3e80000, 0x00000007c0000000)
  eden space 89088K, 0% used [0x00000007aab00000,0x00000007aab00000,0x00000007b0200000)
  from space 17920K, 61% used [0x00000007b0200000,0x00000007b0cba540,0x00000007b1380000)
  to   space 17920K, 0% used [0x00000007b2d00000,0x00000007b2d00000,0x00000007b3e80000)
 ParOldGen       total 76288K, used 33458K [0x0000000780000000, 0x0000000784a80000, 0x00000007aab00000)
  object space 76288K, 43% used [0x0000000780000000,0x00000007820ac9b0,0x0000000784a80000)
 Metaspace       used 32922K, capacity 34566K, committed 34688K, reserved 1079296K
  class space    used 4573K, capacity 4881K, committed 4992K, reserved 1048576K
}
Event: 148.159 GC heap before
{Heap before GC invocations=12 (full 2):
 PSYoungGen      total 107008K, used 100073K [0x00000007aab00000, 0x00000007b3e80000, 0x00000007c0000000)
  eden space 89088K, 100% used [0x00000007aab00000,0x00000007b0200000,0x00000007b0200000)
  from space 17920K, 61% used [0x00000007b0200000,0x00000007b0cba540,0x00000007b1380000)
  to   space 17920K, 0% used [0x00000007b2d00000,0x00000007b2d00000,0x00000007b3e80000)
 ParOldGen       total 76288K, used 33458K [0x0000000780000000, 0x0000000784a80000, 0x00000007aab00000)
  object space 76288K, 43% used [0x0000000780000000,0x00000007820ac9b0,0x0000000784a80000)
 Metaspace       used 33902K, capacity 35610K, committed 35712K, reserved 1079296K
  class space    used 4629K, capacity 4941K, committed 4992K, reserved 1048576K
Event: 148.432 GC heap after
Heap after GC invocations=12 (full 2):
 PSYoungGen      total 130560K, used 13939K [0x00000007aab00000, 0x00000007b3f00000, 0x00000007c0000000)
  eden space 112640K, 0% used [0x00000007aab00000,0x00000007aab00000,0x00000007b1900000)
  from space 17920K, 77% used [0x00000007b2d00000,0x00000007b3a9ccd0,0x00000007b3e80000)
  to   space 19456K, 0% used [0x00000007b1900000,0x00000007b1900000,0x00000007b2c00000)
 ParOldGen       total 76288K, used 33668K [0x0000000780000000, 0x0000000784a80000, 0x00000007aab00000)
  object space 76288K, 44% used [0x0000000780000000,0x00000007820e1090,0x0000000784a80000)
 Metaspace       used 33902K, capacity 35610K, committed 35712K, reserved 1079296K
  class space    used 4629K, capacity 4941K, committed 4992K, reserved 1048576K
}

