# JRE version: Java(TM) SE Runtime Environment (8.0_40-b27) (build 1.8.0_40-b27)
# Java VM: Java HotSpot(TM) 64-Bit Server VM (25.40-b25 mixed mode bsd-amd64 compressed oops)
Heap:
 PSYoungGen      total 35328K, used 27169K [0x00000007aab00000, 0x00000007ae900000, 0x00000007c0000000)
  eden space 32768K, 75% used [0x00000007aab00000,0x00000007ac308590,0x00000007acb00000)
  from space 2560K, 100% used [0x00000007acb00000,0x00000007acd80000,0x00000007acd80000)
  to   space 7168K, 0% used [0x00000007ae200000,0x00000007ae200000,0x00000007ae900000)
 ParOldGen       total 33280K, used 9158K [0x0000000780000000, 0x0000000782080000, 0x00000007aab00000)
  object space 33280K, 27% used [0x0000000780000000,0x00000007808f1bf0,0x0000000782080000)
 Metaspace       used 27549K, capacity 28716K, committed 28928K, reserved 1075200K
  class space    used 3766K, capacity 4028K, committed 4096K, reserved 1048576K
GC Heap History (10 events):
Event: 2.063 GC heap before
{Heap before GC invocations=2 (full 0):
 PSYoungGen      total 18944K, used 18336K [0x00000007aab00000, 0x00000007ac000000, 0x00000007c0000000)
  eden space 16384K, 100% used [0x00000007aab00000,0x00000007abb00000,0x00000007abb00000)
  from space 2560K, 76% used [0x00000007abb00000,0x00000007abce8040,0x00000007abd80000)
  to   space 2560K, 0% used [0x00000007abd80000,0x00000007abd80000,0x00000007ac000000)
 ParOldGen       total 44032K, used 8K [0x0000000780000000, 0x0000000782b00000, 0x00000007aab00000)
  object space 44032K, 0% used [0x0000000780000000,0x0000000780002000,0x0000000782b00000)
 Metaspace       used 13218K, capacity 13618K, committed 13952K, reserved 1060864K
  class space    used 1725K, capacity 1861K, committed 1920K, reserved 1048576K
Event: 2.074 GC heap after
Heap after GC invocations=2 (full 0):
 PSYoungGen      total 18944K, used 2528K [0x00000007aab00000, 0x00000007ad000000, 0x00000007c0000000)
  eden space 16384K, 0% used [0x00000007aab00000,0x00000007aab00000,0x00000007abb00000)
  from space 2560K, 98% used [0x00000007abd80000,0x00000007abff8050,0x00000007ac000000)
  to   space 2560K, 0% used [0x00000007abb00000,0x00000007abb00000,0x00000007abd80000)
 ParOldGen       total 44032K, used 1282K [0x0000000780000000, 0x0000000782b00000, 0x00000007aab00000)
  object space 44032K, 2% used [0x0000000780000000,0x0000000780140a98,0x0000000782b00000)
 Metaspace       used 13218K, capacity 13618K, committed 13952K, reserved 1060864K
  class space    used 1725K, capacity 1861K, committed 1920K, reserved 1048576K
}
Event: 3.199 GC heap before
{Heap before GC invocations=3 (full 0):
 PSYoungGen      total 18944K, used 18912K [0x00000007aab00000, 0x00000007ad000000, 0x00000007c0000000)
  eden space 16384K, 100% used [0x00000007aab00000,0x00000007abb00000,0x00000007abb00000)
  from space 2560K, 98% used [0x00000007abd80000,0x00000007abff8050,0x00000007ac000000)
  to   space 2560K, 0% used [0x00000007abb00000,0x00000007abb00000,0x00000007abd80000)
 ParOldGen       total 44032K, used 1282K [0x0000000780000000, 0x0000000782b00000, 0x00000007aab00000)
  object space 44032K, 2% used [0x0000000780000000,0x0000000780140a98,0x0000000782b00000)
 Metaspace       used 17652K, capacity 18240K, committed 18304K, reserved 1064960K
  class space    used 2490K, capacity 2662K, committed 2688K, reserved 1048576K
Event: 3.221 GC heap after
Heap after GC invocations=3 (full 0):
 PSYoungGen      total 18944K, used 2528K [0x00000007aab00000, 0x00000007ad000000, 0x00000007c0000000)
  eden space 16384K, 0% used [0x00000007aab00000,0x00000007aab00000,0x00000007abb00000)
  from space 2560K, 98% used [0x00000007abb00000,0x00000007abd78020,0x00000007abd80000)
  to   space 2560K, 0% used [0x00000007acd80000,0x00000007acd80000,0x00000007ad000000)
 ParOldGen       total 44032K, used 4096K [0x0000000780000000, 0x0000000782b00000, 0x00000007aab00000)
  object space 44032K, 9% used [0x0000000780000000,0x00000007804003b8,0x0000000782b00000)
 Metaspace       used 17652K, capacity 18240K, committed 18304K, reserved 1064960K
  class space    used 2490K, capacity 2662K, committed 2688K, reserved 1048576K
}
Event: 3.683 GC heap before
{Heap before GC invocations=4 (full 0):
 PSYoungGen      total 18944K, used 10948K [0x00000007aab00000, 0x00000007ad000000, 0x00000007c0000000)
  eden space 16384K, 51% used [0x00000007aab00000,0x00000007ab339338,0x00000007abb00000)
  from space 2560K, 98% used [0x00000007abb00000,0x00000007abd78020,0x00000007abd80000)
  to   space 2560K, 0% used [0x00000007acd80000,0x00000007acd80000,0x00000007ad000000)
 ParOldGen       total 44032K, used 4096K [0x0000000780000000, 0x0000000782b00000, 0x00000007aab00000)
  object space 44032K, 9% used [0x0000000780000000,0x00000007804003b8,0x0000000782b00000)
 Metaspace       used 20357K, capacity 21202K, committed 21296K, reserved 1067008K
  class space    used 3008K, capacity 3197K, committed 3200K, reserved 1048576K
Event: 3.696 GC heap after
Heap after GC invocations=4 (full 0):
 PSYoungGen      total 35328K, used 2528K [0x00000007aab00000, 0x00000007ad000000, 0x00000007c0000000)
  eden space 32768K, 0% used [0x00000007aab00000,0x00000007aab00000,0x00000007acb00000)
  from space 2560K, 98% used [0x00000007acd80000,0x00000007acff8030,0x00000007ad000000)
  to   space 2560K, 0% used [0x00000007acb00000,0x00000007acb00000,0x00000007acd80000)
 ParOldGen       total 44032K, used 4994K [0x0000000780000000, 0x0000000782b00000, 0x00000007aab00000)
  object space 44032K, 11% used [0x0000000780000000,0x00000007804e0af8,0x0000000782b00000)
 Metaspace       used 20357K, capacity 21202K, committed 21296K, reserved 1067008K
  class space    used 3008K, capacity 3197K, committed 3200K, reserved 1048576K
}
Event: 3.696 GC heap before
{Heap before GC invocations=5 (full 1):
 PSYoungGen      total 35328K, used 2528K [0x00000007aab00000, 0x00000007ad000000, 0x00000007c0000000)
  eden space 32768K, 0% used [0x00000007aab00000,0x00000007aab00000,0x00000007acb00000)
  from space 2560K, 98% used [0x00000007acd80000,0x00000007acff8030,0x00000007ad000000)
  to   space 2560K, 0% used [0x00000007acb00000,0x00000007acb00000,0x00000007acd80000)
 ParOldGen       total 44032K, used 4994K [0x0000000780000000, 0x0000000782b00000, 0x00000007aab00000)
  object space 44032K, 11% used [0x0000000780000000,0x00000007804e0af8,0x0000000782b00000)
 Metaspace       used 20357K, capacity 21202K, committed 21296K, reserved 1067008K
  class space    used 3008K, capacity 3197K, committed 3200K, reserved 1048576K
Event: 3.758 GC heap after
Heap after GC invocations=5 (full 1):
 PSYoungGen      total 35328K, used 0K [0x00000007aab00000, 0x00000007ad000000, 0x00000007c0000000)
  eden space 32768K, 0% used [0x00000007aab00000,0x00000007aab00000,0x00000007acb00000)
  from space 2560K, 0% used [0x00000007acd80000,0x00000007acd80000,0x00000007ad000000)
  to   space 2560K, 0% used [0x00000007acb00000,0x00000007acb00000,0x00000007acd80000)
 ParOldGen       total 33280K, used 5407K [0x0000000780000000, 0x0000000782080000, 0x00000007aab00000)
  object space 33280K, 16% used [0x0000000780000000,0x0000000780547ea8,0x0000000782080000)
 Metaspace       used 20357K, capacity 21202K, committed 21296K, reserved 1067008K
  class space    used 3008K, capacity 3197K, committed 3200K, reserved 1048576K
}
Event: 5.567 GC heap before
{Heap before GC invocations=6 (full 1):
 PSYoungGen      total 35328K, used 32768K [0x00000007aab00000, 0x00000007ad000000, 0x00000007c0000000)
  eden space 32768K, 100% used [0x00000007aab00000,0x00000007acb00000,0x00000007acb00000)
  from space 2560K, 0% used [0x00000007acd80000,0x00000007acd80000,0x00000007ad000000)
  to   space 2560K, 0% used [0x00000007acb00000,0x00000007acb00000,0x00000007acd80000)
 ParOldGen       total 33280K, used 5407K [0x0000000780000000, 0x0000000782080000, 0x00000007aab00000)
  object space 33280K, 16% used [0x0000000780000000,0x0000000780547ea8,0x0000000782080000)
 Metaspace       used 24820K, capacity 25846K, committed 26112K, reserved 1071104K
  class space    used 3486K, capacity 3717K, committed 3840K, reserved 1048576K
Event: 5.589 GC heap after
Heap after GC invocations=6 (full 1):
 PSYoungGen      total 35328K, used 2560K [0x00000007aab00000, 0x00000007ae900000, 0x00000007c0000000)
  eden space 32768K, 0% used [0x00000007aab00000,0x00000007aab00000,0x00000007acb00000)
  from space 2560K, 100% used [0x00000007acb00000,0x00000007acd80000,0x00000007acd80000)
  to   space 7168K, 0% used [0x00000007ae200000,0x00000007ae200000,0x00000007ae900000)
 ParOldGen       total 33280K, used 9158K [0x0000000780000000, 0x0000000782080000, 0x00000007aab00000)
  object space 33280K, 27% used [0x0000000780000000,0x00000007808f1bf0,0x0000000782080000)
 Metaspace       used 24820K, capacity 25846K, committed 26112K, reserved 1071104K
  class space    used 3486K, capacity 3717K, committed 3840K, reserved 1048576K
}

