# JRE version: Java(TM) SE Runtime Environment (8.0_40-b27) (build 1.8.0_40-b27)
# Java VM: Java HotSpot(TM) 64-Bit Server VM (25.40-b25 mixed mode bsd-amd64 compressed oops)
Heap:
 PSYoungGen      total 52224K, used 39024K [0x00000007aab00000, 0x00000007ae780000, 0x00000007c0000000)
  eden space 45056K, 71% used [0x00000007aab00000,0x00000007aca96f28,0x00000007ad700000)
  from space 7168K, 93% used [0x00000007ae080000,0x00000007ae7051c0,0x00000007ae780000)
  to   space 8192K, 0% used [0x00000007ad780000,0x00000007ad780000,0x00000007adf80000)
 ParOldGen       total 34816K, used 9334K [0x0000000780000000, 0x0000000782200000, 0x00000007aab00000)
  object space 34816K, 26% used [0x0000000780000000,0x000000078091dbf8,0x0000000782200000)
 Metaspace       used 28116K, capacity 29172K, committed 29440K, reserved 1075200K
  class space    used 3778K, capacity 4002K, committed 4096K, reserved 1048576K
GC Heap History (10 events):
Event: 2.601 GC heap before
{Heap before GC invocations=3 (full 0):
 PSYoungGen      total 18944K, used 18912K [0x00000007aab00000, 0x00000007ad000000, 0x00000007c0000000)
  eden space 16384K, 100% used [0x00000007aab00000,0x00000007abb00000,0x00000007abb00000)
  from space 2560K, 98% used [0x00000007abd80000,0x00000007abff8050,0x00000007ac000000)
  to   space 2560K, 0% used [0x00000007abb00000,0x00000007abb00000,0x00000007abd80000)
 ParOldGen       total 44032K, used 1277K [0x0000000780000000, 0x0000000782b00000, 0x00000007aab00000)
  object space 44032K, 2% used [0x0000000780000000,0x000000078013f738,0x0000000782b00000)
 Metaspace       used 17660K, capacity 18232K, committed 18304K, reserved 1064960K
  class space    used 2493K, capacity 2662K, committed 2688K, reserved 1048576K
Event: 2.615 GC heap after
Heap after GC invocations=3 (full 0):
 PSYoungGen      total 18944K, used 2544K [0x00000007aab00000, 0x00000007ad000000, 0x00000007c0000000)
  eden space 16384K, 0% used [0x00000007aab00000,0x00000007aab00000,0x00000007abb00000)
  from space 2560K, 99% used [0x00000007abb00000,0x00000007abd7c030,0x00000007abd80000)
  to   space 2560K, 0% used [0x00000007acd80000,0x00000007acd80000,0x00000007ad000000)
 ParOldGen       total 44032K, used 4075K [0x0000000780000000, 0x0000000782b00000, 0x00000007aab00000)
  object space 44032K, 9% used [0x0000000780000000,0x00000007803fadf8,0x0000000782b00000)
 Metaspace       used 17660K, capacity 18232K, committed 18304K, reserved 1064960K
  class space    used 2493K, capacity 2662K, committed 2688K, reserved 1048576K
}
Event: 3.091 GC heap before
{Heap before GC invocations=4 (full 0):
 PSYoungGen      total 18944K, used 10529K [0x00000007aab00000, 0x00000007ad000000, 0x00000007c0000000)
  eden space 16384K, 48% used [0x00000007aab00000,0x00000007ab2cc508,0x00000007abb00000)
  from space 2560K, 99% used [0x00000007abb00000,0x00000007abd7c030,0x00000007abd80000)
  to   space 2560K, 0% used [0x00000007acd80000,0x00000007acd80000,0x00000007ad000000)
 ParOldGen       total 44032K, used 4075K [0x0000000780000000, 0x0000000782b00000, 0x00000007aab00000)
  object space 44032K, 9% used [0x0000000780000000,0x00000007803fadf8,0x0000000782b00000)
 Metaspace       used 20281K, capacity 21130K, committed 21296K, reserved 1067008K
  class space    used 3008K, capacity 3197K, committed 3200K, reserved 1048576K
Event: 3.104 GC heap after
Heap after GC invocations=4 (full 0):
 PSYoungGen      total 35328K, used 2544K [0x00000007aab00000, 0x00000007ad000000, 0x00000007c0000000)
  eden space 32768K, 0% used [0x00000007aab00000,0x00000007aab00000,0x00000007acb00000)
  from space 2560K, 99% used [0x00000007acd80000,0x00000007acffc030,0x00000007ad000000)
  to   space 2560K, 0% used [0x00000007acb00000,0x00000007acb00000,0x00000007acd80000)
 ParOldGen       total 44032K, used 4980K [0x0000000780000000, 0x0000000782b00000, 0x00000007aab00000)
  object space 44032K, 11% used [0x0000000780000000,0x00000007804dd178,0x0000000782b00000)
 Metaspace       used 20281K, capacity 21130K, committed 21296K, reserved 1067008K
  class space    used 3008K, capacity 3197K, committed 3200K, reserved 1048576K
}
Event: 3.104 GC heap before
{Heap before GC invocations=5 (full 1):
 PSYoungGen      total 35328K, used 2544K [0x00000007aab00000, 0x00000007ad000000, 0x00000007c0000000)
  eden space 32768K, 0% used [0x00000007aab00000,0x00000007aab00000,0x00000007acb00000)
  from space 2560K, 99% used [0x00000007acd80000,0x00000007acffc030,0x00000007ad000000)
  to   space 2560K, 0% used [0x00000007acb00000,0x00000007acb00000,0x00000007acd80000)
 ParOldGen       total 44032K, used 4980K [0x0000000780000000, 0x0000000782b00000, 0x00000007aab00000)
  object space 44032K, 11% used [0x0000000780000000,0x00000007804dd178,0x0000000782b00000)
 Metaspace       used 20281K, capacity 21130K, committed 21296K, reserved 1067008K
  class space    used 3008K, capacity 3197K, committed 3200K, reserved 1048576K
Event: 3.171 GC heap after
Heap after GC invocations=5 (full 1):
 PSYoungGen      total 35328K, used 0K [0x00000007aab00000, 0x00000007ad000000, 0x00000007c0000000)
  eden space 32768K, 0% used [0x00000007aab00000,0x00000007aab00000,0x00000007acb00000)
  from space 2560K, 0% used [0x00000007acd80000,0x00000007acd80000,0x00000007ad000000)
  to   space 2560K, 0% used [0x00000007acb00000,0x00000007acb00000,0x00000007acd80000)
 ParOldGen       total 34816K, used 5400K [0x0000000780000000, 0x0000000782200000, 0x00000007aab00000)
  object space 34816K, 15% used [0x0000000780000000,0x0000000780546320,0x0000000782200000)
 Metaspace       used 20281K, capacity 21130K, committed 21296K, reserved 1067008K
  class space    used 3008K, capacity 3197K, committed 3200K, reserved 1048576K
}
Event: 5.433 GC heap before
{Heap before GC invocations=6 (full 1):
 PSYoungGen      total 35328K, used 32768K [0x00000007aab00000, 0x00000007ad000000, 0x00000007c0000000)
  eden space 32768K, 100% used [0x00000007aab00000,0x00000007acb00000,0x00000007acb00000)
  from space 2560K, 0% used [0x00000007acd80000,0x00000007acd80000,0x00000007ad000000)
  to   space 2560K, 0% used [0x00000007acb00000,0x00000007acb00000,0x00000007acd80000)
 ParOldGen       total 34816K, used 5400K [0x0000000780000000, 0x0000000782200000, 0x00000007aab00000)
  object space 34816K, 15% used [0x0000000780000000,0x0000000780546320,0x0000000782200000)
 Metaspace       used 24771K, capacity 25812K, committed 25984K, reserved 1071104K
  class space    used 3483K, capacity 3686K, committed 3712K, reserved 1048576K
Event: 5.478 GC heap after
Heap after GC invocations=6 (full 1):
 PSYoungGen      total 35328K, used 2529K [0x00000007aab00000, 0x00000007ae800000, 0x00000007c0000000)
  eden space 32768K, 0% used [0x00000007aab00000,0x00000007aab00000,0x00000007acb00000)
  from space 2560K, 98% used [0x00000007acb00000,0x00000007acd78480,0x00000007acd80000)
  to   space 7680K, 0% used [0x00000007ae080000,0x00000007ae080000,0x00000007ae800000)
 ParOldGen       total 34816K, used 9326K [0x0000000780000000, 0x0000000782200000, 0x00000007aab00000)
  object space 34816K, 26% used [0x0000000780000000,0x000000078091bbf8,0x0000000782200000)
 Metaspace       used 24771K, capacity 25812K, committed 25984K, reserved 1071104K
  class space    used 3483K, capacity 3686K, committed 3712K, reserved 1048576K
}
Event: 176.068 GC heap before
{Heap before GC invocations=7 (full 1):
 PSYoungGen      total 35328K, used 35297K [0x00000007aab00000, 0x00000007ae800000, 0x00000007c0000000)
  eden space 32768K, 100% used [0x00000007aab00000,0x00000007acb00000,0x00000007acb00000)
  from space 2560K, 98% used [0x00000007acb00000,0x00000007acd78480,0x00000007acd80000)
  to   space 7680K, 0% used [0x00000007ae080000,0x00000007ae080000,0x00000007ae800000)
 ParOldGen       total 34816K, used 9326K [0x0000000780000000, 0x0000000782200000, 0x00000007aab00000)
  object space 34816K, 26% used [0x0000000780000000,0x000000078091bbf8,0x0000000782200000)
 Metaspace       used 26992K, capacity 28102K, committed 28288K, reserved 1073152K
  class space    used 3687K, capacity 3919K, committed 3968K, reserved 1048576K
Event: 176.087 GC heap after
Heap after GC invocations=7 (full 1):
 PSYoungGen      total 52224K, used 6676K [0x00000007aab00000, 0x00000007ae780000, 0x00000007c0000000)
  eden space 45056K, 0% used [0x00000007aab00000,0x00000007aab00000,0x00000007ad700000)
  from space 7168K, 93% used [0x00000007ae080000,0x00000007ae7051c0,0x00000007ae780000)
  to   space 8192K, 0% used [0x00000007ad780000,0x00000007ad780000,0x00000007adf80000)
 ParOldGen       total 34816K, used 9334K [0x0000000780000000, 0x0000000782200000, 0x00000007aab00000)
  object space 34816K, 26% used [0x0000000780000000,0x000000078091dbf8,0x0000000782200000)
 Metaspace       used 26992K, capacity 28102K, committed 28288K, reserved 1073152K
  class space    used 3687K, capacity 3919K, committed 3968K, reserved 1048576K
}

